c:\users\administrator\desktop\xusb_vcam\debug\vc140.pdb
c:\users\administrator\desktop\xusb_vcam\debug\vc140.idb
c:\users\administrator\desktop\xusb_vcam\debug\main.obj
c:\users\administrator\desktop\xusb_vcam\debug\uvc_vcam.obj
c:\users\administrator\desktop\xusb_vcam\debug\virt_dev.obj
c:\users\administrator\desktop\xusb_vcam\debug\xusb_vcam.ilk
c:\users\administrator\desktop\xusb_vcam\debug\xusb_vcam.exe
c:\users\administrator\desktop\xusb_vcam\debug\xusb_vcam.pdb
c:\users\administrator\desktop\virtual-device-camera\debug\main.obj
c:\users\administrator\desktop\virtual-device-camera\debug\uvc_vcam.obj
c:\users\administrator\desktop\virtual-device-camera\debug\virt_dev.obj
c:\users\administrator\desktop\virtual-device-camera\debug\xusb_vcam.ilk
c:\users\administrator\desktop\virtual-device-camera\debug\vc140.idb
c:\users\administrator\desktop\virtual-device-camera\debug\vc140.pdb
c:\users\administrator\desktop\virtual-device-camera\debug\xusb_vcam.pdb
c:\users\administrator\desktop\virtual-device-camera\debug\xusb_vcam.exe
c:\users\administrator\desktop\virtual-device-camera\debug\xusb_vcam.tlog\cl.command.1.tlog
c:\users\administrator\desktop\virtual-device-camera\debug\xusb_vcam.tlog\cl.read.1.tlog
c:\users\administrator\desktop\virtual-device-camera\debug\xusb_vcam.tlog\cl.write.1.tlog
c:\users\administrator\desktop\virtual-device-camera\debug\xusb_vcam.tlog\link.command.1.tlog
c:\users\administrator\desktop\virtual-device-camera\debug\xusb_vcam.tlog\link.read.1.tlog
c:\users\administrator\desktop\virtual-device-camera\debug\xusb_vcam.tlog\link.write.1.tlog
